<?xml version="1.0" encoding="UTF-8"?>
<testng-results ignored="0" total="2" passed="2" failed="0" skipped="0">
  <reporter-output>
  </reporter-output>
  <suite started-at="2023-12-06T13:04:15 CST" name="Failed suite [Suite]" finished-at="2023-12-06T13:04:24 CST" duration-ms="8900">
    <groups>
    </groups>
    <test started-at="2023-12-06T13:04:15 CST" name="Test(failed)" finished-at="2023-12-06T13:04:24 CST" duration-ms="8900">
      <class name="testCases.Tc_003_LoginDDT">
        <test-method is-config="true" signature="setup(java.lang.String,java.lang.String)[pri:0, instance:testCases.Tc_003_LoginDDT@3e694b3f]" started-at="2023-12-06T13:04:16 CST" name="setup" finished-at="2023-12-06T13:04:19 CST" duration-ms="3395" status="PASS">
          <params>
            <param index="0">
              <value>
                <![CDATA[Window]]>
              </value>
            </param>
            <param index="1">
              <value>
                <![CDATA[chrome]]>
              </value>
            </param>
          </params>
          <reporter-output>
          </reporter-output>
        </test-method> <!-- setup -->
        <test-method signature="verify_loginDDt(java.lang.String,java.lang.String,java.lang.String)[pri:0, instance:testCases.Tc_003_LoginDDT@3e694b3f]" started-at="2023-12-06T13:04:21 CST" name="verify_loginDDt" data-provider="LoginData" finished-at="2023-12-06T13:04:23 CST" duration-ms="1897" status="PASS">
          <params>
            <param index="0">
              <value>
                <![CDATA[pavanoltraining@gmail.com]]>
              </value>
            </param>
            <param index="1">
              <value>
                <![CDATA[test@123]]>
              </value>
            </param>
            <param index="2">
              <value>
                <![CDATA[Valid]]>
              </value>
            </param>
          </params>
          <reporter-output>
          </reporter-output>
        </test-method> <!-- verify_loginDDt -->
        <test-method signature="verify_loginDDt(java.lang.String,java.lang.String,java.lang.String)[pri:0, instance:testCases.Tc_003_LoginDDT@3e694b3f]" started-at="2023-12-06T13:04:23 CST" name="verify_loginDDt" data-provider="LoginData" finished-at="2023-12-06T13:04:24 CST" duration-ms="1496" status="PASS">
          <params>
            <param index="0">
              <value>
                <![CDATA[abc123@gmail.com]]>
              </value>
            </param>
            <param index="1">
              <value>
                <![CDATA[test@123]]>
              </value>
            </param>
            <param index="2">
              <value>
                <![CDATA[Valid]]>
              </value>
            </param>
          </params>
          <reporter-output>
          </reporter-output>
        </test-method> <!-- verify_loginDDt -->
        <test-method is-config="true" signature="teardown()[pri:0, instance:testCases.Tc_003_LoginDDT@3e694b3f]" started-at="2023-12-06T13:04:24 CST" name="teardown" finished-at="2023-12-06T13:04:24 CST" duration-ms="267" status="PASS">
          <reporter-output>
          </reporter-output>
        </test-method> <!-- teardown -->
      </class> <!-- testCases.Tc_003_LoginDDT -->
    </test> <!-- Test(failed) -->
  </suite> <!-- Failed suite [Suite] -->
</testng-results>
